make all --print-data-base --no-builtin-variables --no-builtin-rules --question
# GNU Make 3.81
# Copyright (C) 2006  Free Software Foundation, Inc.
# This is free software; see the source for copying conditions.
# There is NO warranty; not even for MERCHANTABILITY or FITNESS FOR A
# PARTICULAR PURPOSE.

# This program built for i386-apple-darwin11.3.0
 

# Make data base, printed on Sat Nov  4 19:04:14 2023

# Variables

# automatic
<D = $(patsubst %/,%,$(dir $<))
# automatic
?F = $(notdir $?)
# environment
VSCODE_CRASH_REPORTER_PROCESS_TYPE = extensionHost
# automatic
?D = $(patsubst %/,%,$(dir $?))
# automatic
@D = $(patsubst %/,%,$(dir $@))
# automatic
@F = $(notdir $@)
# makefile
CURDIR := /Users/eseferi/42/erik_branch
# makefile
SHELL = /bin/sh
# makefile (from `Makefile', line 17)
RM = rm -rf
# environment
VSCODE_NLS_CONFIG = {"locale":"en-us","osLocale":"en","availableLanguages":{},"_languagePackSupport":true}
# environment
_ = /usr/bin/make
# makefile (from `Makefile', line 32)
CFLAGS = -Wall -Wextra -Iinclude -Isrc -O3  -I $(LIBFT_DIR)/include
 
# makefile (from `Makefile', line 1)
MAKEFILE_LIST :=  Makefile
# makefile (from `Makefile', line 18)
MINISHELL = minishell
# makefile (from `Makefile', line 42)
OBJ_DIR = obj
# makefile (from `Makefile', line 26)
LEAKS = leaks --atExit --
# environment
VSCODE_CWD = /
# makefile (from `Makefile', line 25)
VALGRIND = valgrind --leak-check=full 
# environment
PATH = /Users/eseferi/.brew/bin:/Users/eseferi/goinfre/.brew/bin:/Users/eseferi/goinfre/.brew/bin:/usr/local/bin:/usr/bin:/bin:/usr/sbin:/sbin:/usr/local/munki:/opt/X11/bin
# makefile (from `Makefile', line 38)
MINISHELL_INC = minishell.h
# makefile (from `Makefile', line 91)
BOLD = \033[1m
# makefile (from `Makefile', line 37)
VPATH = src:include:src/execution:src/lexer:src/parenthesis:src/parsing:src/quotes:src/utils:include
# environment
ELECTRON_RUN_AS_NODE = 1
# default
.FEATURES := target-specific order-only second-expansion else-if archives jobserver check-symlink
# makefile (from `Makefile', line 30)
LIBFT_DIR = lib/libft
# environment
SSH_AUTH_SOCK = /private/tmp/com.apple.launchd.nEHXb7brbh/Listeners
# automatic
%F = $(notdir $%)
# environment
HOMEBREW_TEMP = /tmp/eseferi/Homebrew/Temp
# environment
DISPLAY = /private/tmp/com.apple.launchd.3iM5UEoL0f/org.xquartz:0
# environment
PWD = /Users/eseferi/42/erik_branch
# makefile (from `Makefile', line 43)
MINISHELL_OBJ = $(addprefix $(OBJ_DIR)/, $(MINISHELL_SRC:.c=.o))
# environment
ORIGINAL_XDG_CURRENT_DESKTOP = undefined
# makefile (from `Makefile', line 90)
GREEN = \033[1;32m
# environment
VSCODE_AMD_ENTRYPOINT = vs/workbench/api/node/extensionHostProcess
# environment
HOME = /Users/eseferi
# default
MAKEFILEPATH := /Applications/Xcode.app/Contents/Developer/Makefiles
# environment
VSCODE_CODE_CACHE_PATH = /Users/eseferi/Library/Application Support/Code/CachedData/e7e037083ff4455cf320e344325dacb480062c3c
# environment
LOGNAME = eseferi
# environment
APPLICATION_INSIGHTS_NO_DIAGNOSTIC_CHANNEL = 1
# environment
VSCODE_HANDLES_UNCAUGHT_ERRORS = true
# automatic
^D = $(patsubst %/,%,$(dir $^))
# environment
XPC_FLAGS = 0x0
# default
MAKE = $(MAKE_COMMAND)
# default
MAKECMDGOALS := all
# environment
HOMEBREW_CACHE = /tmp/eseferi/Homebrew/Caches
# environment
SHLVL = 1
# makefile (from `Makefile', line 29)
LIBFT = libft.a
# makefile (from `Makefile', line 14)
CC = gcc
# default
MAKE_VERSION := 3.81
# environment
USER = eseferi
# makefile
.DEFAULT_GOAL := all
# makefile (from `Makefile', line 22)
RL_PREFIX = $(HOME)/.local/pkg/readline
# makefile (from `Makefile', line 19)
NAME = $(MINISHELL)
# automatic
%D = $(patsubst %/,%,$(dir $%))
# default
MAKE_COMMAND := /Applications/Xcode.app/Contents/Developer/usr/bin/make
# default
.VARIABLES := 
# environment
TMPDIR = /var/folders/zz/zyxvpxvq6csfxvn_n000cjmh0034d4/T/
# automatic
*F = $(notdir $*)
# environment
VSCODE_IPC_HOOK = /Users/eseferi/Library/Application Support/Code/1.83-main.sock
# environment
MallocNanoZone = 0
# makefile (from `Makefile', line 88)
RED = \033[1;31m
# makefile
MAKEFLAGS = sRrqp
# environment
MFLAGS = -sRrqp
# automatic
*D = $(patsubst %/,%,$(dir $*))
# environment
XPC_SERVICE_NAME = com.microsoft.VSCode.2196
# automatic
+D = $(patsubst %/,%,$(dir $+))
# makefile (from `Makefile', line 92)
YELLOW = \033[1;33m
# automatic
+F = $(notdir $+)
# environment
__CF_USER_TEXT_ENCODING = 0x191A4:0x0:0x0
# default
MAKEFILES := 
# automatic
<F = $(notdir $<)
# makefile (from `Makefile', line 23)
RL_CFLAGS = -I $(RL_PREFIX)/include
# makefile (from `Makefile', line 39)
MINISHELL_SRC = $(shell find src -name '*.c')
# makefile (from `Makefile', line 34)
MAKE_LIB = make --no-print-directory -C
# environment
LC_ALL = C
# makefile (from `Makefile', line 89)
DEFAULT = \033[0m
# makefile (from `Makefile', line 24)
RL_LIBS = -L $(RL_PREFIX)/lib -lreadline -lhistory -lcurses
# makefile (from `Makefile', line 31)
LIBFT_FILE = $(LIBFT_DIR)/$(LIBFT)
# automatic
^F = $(notdir $^)
# default
SUFFIXES := 
# default
.INCLUDE_DIRS = /usr/local/include
# environment
MAKELEVEL := 0
# environment
LANG = C
# environment
VSCODE_PID = 43405
# variable set hash-table stats:
# Load=84/1024=8%, Rehash=0, Collisions=2/139=1%

# Pattern-specific Variable Values

# No pattern-specific variable values.

# Directories

# src/minishell (device 16777225, inode 2157276): 4 files, no impossibilities so far.
# include (device 16777225, inode 2157195): 3 files, no impossibilities so far.
# . (device 16777225, inode 2157120): 14 files, no impossibilities.
# src/utils (device 16777225, inode 2157286): No files, no impossibilities so far.
# src/execution (device 16777225, inode 2157264): 4 files, no impossibilities so far.
# src (device 16777225, inode 2157262): 10 files, no impossibilities.
# src/lexer (device 16777225, inode 2157267): 10 files, no impossibilities so far.
# src/quotes (device 16777225, inode 2157283): 3 files, no impossibilities so far.
# src/parsing (device 16777225, inode 2157279): 5 files, no impossibilities so far.
# src/parenthesis (device 16777225, inode 2212203): 6 files, no impossibilities so far.

# 59 files, no impossibilities in 10 directories.

# Implicit Rules

obj/%.o: %.c minishell.h
#  commands to execute (from `Makefile', line 49):
	@mkdir -p $(dir $@)
	@$(CC) $(CFLAGS) $(RL_CFLAGS) -c $< -o $@
	

# 1 implicit rules, 0 (0.0%) terminal.

# Files

# Not a target:
src/lexer/token_errors1.c:
#  Implicit rule search has been done.
#  Last modified 2023-11-03 14:58:05
#  File has been updated.
#  Successfully updated.
# variable set hash-table stats:
# Load=0/32=0%, Rehash=0, Collisions=0/0=0%

# Not a target:
src/parenthesis/parenthesis_utils.c:
#  Implicit rule search has been done.
#  Last modified 2023-11-04 18:36:59
#  File has been updated.
#  Successfully updated.
# variable set hash-table stats:
# Load=0/32=0%, Rehash=0, Collisions=0/0=0%

# Not a target:
src/parsing/file_parse.c:
#  Implicit rule search has been done.
#  Last modified 2023-11-01 15:07:24
#  File has been updated.
#  Successfully updated.
# variable set hash-table stats:
# Load=0/32=0%, Rehash=0, Collisions=0/0=0%

obj/src/parsing/tree_init.o: src/parsing/tree_init.c include/minishell.h
#  Implicit rule search has been done.
#  Implicit/static pattern stem: `src/parsing/tree_init'
#  Last modified 2023-11-04 19:02:29
#  File has been updated.
#  Successfully updated.
# variable set hash-table stats:
# Load=0/32=0%, Rehash=0, Collisions=0/0=0%
#  commands to execute (from `Makefile', line 49):
	@mkdir -p $(dir $@)
	@$(CC) $(CFLAGS) $(RL_CFLAGS) -c $< -o $@
	

# Not a target:
src/lexer/fix_tokens_utils.c:
#  Implicit rule search has been done.
#  Last modified 2023-11-01 15:07:24
#  File has been updated.
#  Successfully updated.
# variable set hash-table stats:
# Load=0/32=0%, Rehash=0, Collisions=0/0=0%

# Not a target:
obj/src/utils/reset.o:
#  Implicit rule search has not been done.
#  Modification time never checked.
#  File has not been updated.

all: minishell
#  Phony target (prerequisite of .PHONY).
#  Command-line target.
#  Implicit rule search has not been done.
#  File does not exist.
#  File has been updated.
#  Needs to be updated (-q is set).
# variable set hash-table stats:
# Load=0/32=0%, Rehash=0, Collisions=0/8=0%

# Not a target:
include/minishell.h:
#  Implicit rule search has been done.
#  Last modified 2023-11-04 18:46:49
#  File has been updated.
#  Successfully updated.
# variable set hash-table stats:
# Load=0/32=0%, Rehash=0, Collisions=0/0=0%

obj/src/parsing/commands.o: src/parsing/commands.c include/minishell.h
#  Implicit rule search has been done.
#  Implicit/static pattern stem: `src/parsing/commands'
#  Last modified 2023-11-04 19:02:29
#  File has been updated.
#  Successfully updated.
# variable set hash-table stats:
# Load=0/32=0%, Rehash=0, Collisions=0/0=0%
#  commands to execute (from `Makefile', line 49):
	@mkdir -p $(dir $@)
	@$(CC) $(CFLAGS) $(RL_CFLAGS) -c $< -o $@
	

.PHONY: all lib_clean lib_fclean clean fclean re
#  Implicit rule search has not been done.
#  Modification time never checked.
#  File has not been updated.

obj/src/lexer/tokenising.o: src/lexer/tokenising.c include/minishell.h
#  Implicit rule search has been done.
 
#  Implicit/static pattern stem: `src/lexer/tokenising'
#  Last modified 2023-11-04 19:02:29
#  File has been updated.
#  Successfully updated.
# variable set hash-table stats:
# Load=0/32=0%, Rehash=0, Collisions=0/0=0%
#  commands to execute (from `Makefile', line 49):
	@mkdir -p $(dir $@)
	@$(CC) $(CFLAGS) $(RL_CFLAGS) -c $< -o $@
	

# Not a target:
src/minishell/program_loop.c:
#  Implicit rule search has been done.
#  Last modified 2023-11-03 20:26:24
#  File has been updated.
#  Successfully updated.
# variable set hash-table stats:
# Load=0/32=0%, Rehash=0, Collisions=0/0=0%

# Not a target:
src/execution/buitins.c:
#  Implicit rule search has been done.
#  Last modified 2023-11-01 15:07:24
#  File has been updated.
#  Successfully updated.
# variable set hash-table stats:
# Load=0/32=0%, Rehash=0, Collisions=0/0=0%

# Not a target:
.SUFFIXES:
#  Implicit rule search has not been done.
#  Modification time never checked.
#  File has not been updated.

# Not a target:
Makefile:
#  Implicit rule search has been done.
#  Last modified 2023-11-04 18:52:29
#  File has been updated.
#  Successfully updated.
# variable set hash-table stats:
# Load=0/32=0%, Rehash=0, Collisions=0/0=0%

# Not a target:
src/lexer/token_utils.c:
#  Implicit rule search has been done.
#  Last modified 2023-11-04 17:17:21
#  File has been updated.
#  Successfully updated.
# variable set hash-table stats:
# Load=0/32=0%, Rehash=0, Collisions=0/0=0%

obj/src/execution/shlvl.o: src/execution/shlvl.c include/minishell.h
#  Implicit rule search has been done.
#  Implicit/static pattern stem: `src/execution/shlvl'
#  Last modified 2023-11-04 19:02:28
#  File has been updated.
#  Successfully updated.
# variable set hash-table stats:
# Load=0/32=0%, Rehash=0, Collisions=0/0=0%
#  commands to execute (from `Makefile', line 49):
	@mkdir -p $(dir $@)
	@$(CC) $(CFLAGS) $(RL_CFLAGS) -c $< -o $@
	

obj/src/lexer/lexical_analysis.o: src/lexer/lexical_analysis.c include/minishell.h
#  Implicit rule search has been done.
#  Implicit/static pattern stem: `src/lexer/lexical_analysis'
#  Last modified 2023-11-04 19:02:29
#  File has been updated.
#  Successfully updated.
# variable set hash-table stats:
# Load=0/32=0%, Rehash=0, Collisions=0/0=0%
#  commands to execute (from `Makefile', line 49):
	@mkdir -p $(dir $@)
	@$(CC) $(CFLAGS) $(RL_CFLAGS) -c $< -o $@
	

# Not a target:
src/parenthesis/parenthesis_utils2.c:
#  Implicit rule search has been done.
#  Last modified 2023-11-04 18:41:35
#  File has been updated.
#  Successfully updated.
# variable set hash-table stats:
# Load=0/32=0%, Rehash=0, Collisions=0/0=0%

# Not a target:
src/quotes/quotes.c:
#  Implicit rule search has been done.
#  Last modified 2023-11-04 19:04:04
#  File has been updated.
#  Successfully updated.
# variable set hash-table stats:
# Load=0/32=0%, Rehash=0, Collisions=0/0=0%

# Not a target:
src/parenthesis/parenthesis.c:
#  Implicit rule search has been done.
#  Last modified 2023-11-04 18:50:35
#  File has been updated.
#  Successfully updated.
# variable set hash-table stats:
# Load=0/32=0%, Rehash=0, Collisions=0/0=0%

# Not a target:
obj/src/utils/handle_input.o:
#  Implicit rule search has not been done.
#  Modification time never checked.
#  File has not been updated.

minishell: lib/libft/libft.a obj/src/execution/buitins.o obj/src/execution/shlvl.o obj/src/lexer/envirlists.o obj/src/lexer/environment.o obj/src/lexer/fix_tokens_utils.o obj/src/lexer/lexical_analysis.o obj/src/lexer/token_errors1.o obj/src/lexer/token_lists.o obj/src/lexer/token_utils.o obj/src/lexer/tokenising.o obj/src/minishell/minishell.o obj/src/minishell/program_loop.o obj/src/parenthesis/parenthesis.o obj/src/parenthesis/parenthesis_errors.o obj/src/parenthesis/parenthesis_utils.o obj/src/parenthesis/parenthesis_utils2.o obj/src/parsing/commands.o obj/src/parsing/file_parse.o obj/src/parsing/tree_init.o obj/src/quotes/quotes.o obj/src/quotes/quotes_utils.o obj/src/utils/exit.o obj/src/utils/free.o obj/src/utils/handle_input.o obj/src/utils/init_data.o obj/src/utils/reset.o obj/src/utils/signals.o obj/src/utils/utils1.o obj/src/utils/utils2.o
#  Implicit rule search has not been done.
#  Last modified 2023-11-04 19:02:30
#  File has been updated.
#  Needs to be updated (-q is set).
# variable set hash-table stats:
# Load=0/32=0%, Rehash=0, Collisions=0/8=0%
#  commands to execute (from `Makefile', line 56):
	@$(CC) $(CFLAGS) $(LIBFT_FILE) $(MINISHELL_OBJ) $(RL_LIBS) -o $@
	@echo "$(GREEN)$(NAME) was successfully created!$(DEFAULT)"
	

# Not a target:
obj/src/quotes/quotes_utils.o:
#  Implicit rule search has not been done.
#  Modification time never checked.
#  File has not been updated.

# Not a target:
src/minishell/minishell.c:
#  Implicit rule search has been done.
#  Last modified 2023-11-01 15:07:24
#  File has been updated.
#  Successfully updated.
# variable set hash-table stats:
# Load=0/32=0%, Rehash=0, Collisions=0/0=0%

# Not a target:
obj/src/utils/signals.o:
#  Implicit rule search has not been done.
#  Modification time never checked.
#  File has not been updated.

# Not a target:
obj/src/utils/free.o:
#  Implicit rule search has not been done.
#  Modification time never checked.
#  File has not been updated.

obj/src/lexer/token_errors1.o: src/lexer/token_errors1.c include/minishell.h
#  Implicit rule search has been done.
#  Implicit/static pattern stem: `src/lexer/token_errors1'
#  Last modified 2023-11-04 19:02:29
#  File has been updated.
#  Successfully updated.
# variable set hash-table stats:
# Load=0/32=0%, Rehash=0, Collisions=0/0=0%
#  commands to execute (from `Makefile', line 49):
	@mkdir -p $(dir $@)
	@$(CC) $(CFLAGS) $(RL_CFLAGS) -c $< -o $@
	

obj/src/parenthesis/parenthesis_utils.o: src/parenthesis/parenthesis_utils.c include/minishell.h
#  Implicit rule search has been done.
#  Implicit/static pattern stem: `src/parenthesis/parenthesis_utils'
#  Last modified 2023-11-04 19:02:29
#  File has been updated.
#  Successfully updated.
# variable set hash-table stats:
# Load=0/32=0%, Rehash=0, Collisions=0/0=0%
#  commands to execute (from `Makefile', line 49):
	@mkdir -p $(dir $@)
	@$(CC) $(CFLAGS) $(RL_CFLAGS) -c $< -o $@
	

fclean: clean lib_fclean
#  Phony target (prerequisite of .PHONY).
#  Implicit rule search has not been done.
#  File does not exist.
#  File has not been updated.
#  commands to execute (from `Makefile', line 70):
	$(RM) $(NAME)
	@echo "$(RED)$(NAME) program deleted!$(DEFAULT)"
	

# Not a target:
src/parenthesis/parenthesis_errors.c:
#  Implicit rule search has been done.
#  Last modified 2023-11-04 19:02:22
#  File has been updated.
#  Successfully updated.
# variable set hash-table stats:
# Load=0/32=0%, Rehash=0, Collisions=0/0=0%

leaks: minishell
#  Implicit rule search has not been done.
#  Modification time never checked.
#  File has not been updated.
#  commands to execute (from `Makefile', line 81):
	$(LEAKS) ./$(NAME)
	

obj/src/lexer/fix_tokens_utils.o: src/lexer/fix_tokens_utils.c include/minishell.h
#  Implicit rule search has been done.
#  Implicit/static pattern stem: `src/lexer/fix_tokens_utils'
#  Last modified 2023-11-04 19:02:28
#  File has been updated.
#  Successfully updated.
# variable set hash-table stats:
# Load=0/32=0%, Rehash=0, Collisions=0/0=0%
#  commands to execute (from `Makefile', line 49):
	@mkdir -p $(dir $@)
	@$(CC) $(CFLAGS) $(RL_CFLAGS) -c $< -o $@
	

.SILENT:
#  Implicit rule search has not been done.
#  Modification time never checked.
#  File has not been updated.

# Not a target:
.DEFAULT:
#  Implicit rule search has not been done.
#  Modification time never checked.
#  File has not been updated.

# Not a target:
src/lexer/envirlists.c:
#  Implicit rule search has been done.
#  Last modified 2023-11-01 15:07:24
#  File has been updated.
#  Successfully updated.
# variable set hash-table stats:
# Load=0/32=0%, Rehash=0, Collisions=0/0=0%

obj/src/lexer/token_lists.o: src/lexer/token_lists.c include/minishell.h
#  Implicit rule search has been done.
#  Implicit/static pattern stem: `src/lexer/token_lists'
#  Last modified 2023-11-04 19:02:29
#  File has been updated.
#  Successfully updated.
# variable set hash-table stats:
 
# Load=0/32=0%, Rehash=0, Collisions=0/0=0%
#  commands to execute (from `Makefile', line 49):
	@mkdir -p $(dir $@)
	@$(CC) $(CFLAGS) $(RL_CFLAGS) -c $< -o $@
	

# Not a target:
src/parsing/tree_init.c:
#  Implicit rule search has been done.
#  Last modified 2023-11-02 23:43:06
#  File has been updated.
#  Successfully updated.
# variable set hash-table stats:
# Load=0/32=0%, Rehash=0, Collisions=0/0=0%

# Not a target:
src/parsing/commands.c:
#  Implicit rule search has been done.
#  Last modified 2023-11-01 15:07:24
#  File has been updated.
#  Successfully updated.
# variable set hash-table stats:
# Load=0/32=0%, Rehash=0, Collisions=0/0=0%

re: fclean all
#  Phony target (prerequisite of .PHONY).
#  Implicit rule search has not been done.
#  File does not exist.
#  File has not been updated.

obj/src/execution/buitins.o: src/execution/buitins.c include/minishell.h
#  Implicit rule search has been done.
#  Implicit/static pattern stem: `src/execution/buitins'
#  Last modified 2023-11-04 19:02:28
#  File has been updated.
#  Successfully updated.
# variable set hash-table stats:
# Load=0/32=0%, Rehash=0, Collisions=0/0=0%
#  commands to execute (from `Makefile', line 49):
	@mkdir -p $(dir $@)
	@$(CC) $(CFLAGS) $(RL_CFLAGS) -c $< -o $@
	

clean: lib_clean
#  Phony target (prerequisite of .PHONY).
#  Implicit rule search has not been done.
#  File does not exist.
#  File has not been updated.
#  commands to execute (from `Makefile', line 66):
	$(RM) $(OBJ_DIR)
	@echo "$(YELLOW)$(NAME) object files deleted!$(DEFAULT)"
	

# Not a target:
src/lexer/tokenising.c:
#  Implicit rule search has been done.
#  Last modified 2023-11-04 18:44:58
#  File has been updated.
#  Successfully updated.
# variable set hash-table stats:
# Load=0/32=0%, Rehash=0, Collisions=0/0=0%

obj/src/lexer/token_utils.o: src/lexer/token_utils.c include/minishell.h
#  Implicit rule search has been done.
#  Implicit/static pattern stem: `src/lexer/token_utils'
#  Last modified 2023-11-04 19:02:29
#  File has been updated.
#  Successfully updated.
# variable set hash-table stats:
# Load=0/32=0%, Rehash=0, Collisions=0/0=0%
#  commands to execute (from `Makefile', line 49):
	@mkdir -p $(dir $@)
	@$(CC) $(CFLAGS) $(RL_CFLAGS) -c $< -o $@
	

obj/src/parsing/file_parse.o: src/parsing/file_parse.c include/minishell.h
#  Implicit rule search has been done.
#  Implicit/static pattern stem: `src/parsing/file_parse'
#  Last modified 2023-11-04 19:02:29
#  File has been updated.
#  Successfully updated.
# variable set hash-table stats:
# Load=0/32=0%, Rehash=0, Collisions=0/0=0%
#  commands to execute (from `Makefile', line 49):
	@mkdir -p $(dir $@)
	@$(CC) $(CFLAGS) $(RL_CFLAGS) -c $< -o $@
	

# Not a target:
obj/src/utils/exit.o:
#  Implicit rule search has not been done.
#  Modification time never checked.
#  File has not been updated.

# Not a target:
obj/src/utils/utils1.o:
#  Implicit rule search has not been done.
#  Modification time never checked.
#  File has not been updated.

obj/src/quotes/quotes.o: src/quotes/quotes.c include/minishell.h
#  Implicit rule search has been done.
#  Implicit/static pattern stem: `src/quotes/quotes'
#  Last modified 2023-11-04 19:02:30
#  File has been updated.
#  Needs to be updated (-q is set).
# automatic
# @ := obj/src/quotes/quotes.o
# automatic
# % := 
# automatic
# * := src/quotes/quotes
# automatic
# + := src/quotes/quotes.c include/minishell.h
# automatic
# | := 
# automatic
# < := src/quotes/quotes.c
# automatic
# ^ := src/quotes/quotes.c include/minishell.h
# automatic
# ? := src/quotes/quotes.c
# variable set hash-table stats:
# Load=8/32=25%, Rehash=0, Collisions=4/19=21%
#  commands to execute (from `Makefile', line 49):
	@mkdir -p $(dir $@)
	@$(CC) $(CFLAGS) $(RL_CFLAGS) -c $< -o $@
	

obj/src/parenthesis/parenthesis.o: src/parenthesis/parenthesis.c include/minishell.h
#  Implicit rule search has been done.
#  Implicit/static pattern stem: `src/parenthesis/parenthesis'
#  Last modified 2023-11-04 19:02:29
#  File has been updated.
#  Successfully updated.
# variable set hash-table stats:
# Load=0/32=0%, Rehash=0, Collisions=0/0=0%
#  commands to execute (from `Makefile', line 49):
	@mkdir -p $(dir $@)
	@$(CC) $(CFLAGS) $(RL_CFLAGS) -c $< -o $@
	

lib_fclean:
#  Phony target (prerequisite of .PHONY).
#  Implicit rule search has not been done.
#  File does not exist.
#  File has not been updated.
#  commands to execute (from `Makefile', line 63):
	$(MAKE_LIB) $(LIBFT_DIR) fclean
	

# Not a target:
src/lexer/environment.c:
#  Implicit rule search has been done.
#  Last modified 2023-11-01 15:07:24
#  File has been updated.
#  Successfully updated.
# variable set hash-table stats:
# Load=0/32=0%, Rehash=0, Collisions=0/0=0%

lib_clean:
#  Phony target (prerequisite of .PHONY).
#  Implicit rule search has not been done.
#  File does not exist.
#  File has not been updated.
#  commands to execute (from `Makefile', line 60):
	$(MAKE_LIB) $(LIBFT_DIR) clean
	

# Not a target:
src/execution/shlvl.c:
#  Implicit rule search has been done.
#  Last modified 2023-11-01 15:07:24
#  File has been updated.
#  Successfully updated.
# variable set hash-table stats:
# Load=0/32=0%, Rehash=0, Collisions=0/0=0%

lib/libft/libft.a:
#  Implicit rule search has not been done.
#  Last modified 2023-11-04 19:02:28
#  File has been updated.
#  Successfully updated.
#  commands to execute (from `Makefile', line 53):
	$(MAKE_LIB) $(LIBFT_DIR)
	

# Not a target:
src/lexer/token_lists.c:
#  Implicit rule search has been done.
#  Last modified 2023-11-01 15:07:24
#  File has been updated.
#  Successfully updated.
# variable set hash-table stats:
# Load=0/32=0%, Rehash=0, Collisions=0/0=0%

# Not a target:
src/lexer/lexical_analysis.c:
#  Implicit rule search has been done.
#  Last modified 2023-11-03 14:43:05
#  File has been updated.
#  Successfully updated.
# variable set hash-table stats:
# Load=0/32=0%, Rehash=0, Collisions=0/0=0%

obj/src/minishell/minishell.o: src/minishell/minishell.c include/minishell.h
#  Implicit rule search has been done.
#  Implicit/static pattern stem: `src/minishell/minishell'
#  Last modified 2023-11-04 19:02:29
#  File has been updated.
#  Successfully updated.
# variable set hash-table stats:
# Load=0/32=0%, Rehash=0, Collisions=0/0=0%
#  commands to execute (from `Makefile', line 49):
	@mkdir -p $(dir $@)
	@$(CC) $(CFLAGS) $(RL_CFLAGS) -c $< -o $@
	

obj/src/lexer/environment.o: src/lexer/environment.c include/minishell.h
#  Implicit rule search has been done.
#  Implicit/static pattern stem: `src/lexer/environment'
#  Last modified 2023-11-04 19:02:28
#  File has been updated.
#  Successfully updated.
# variable set hash-table stats:
# Load=0/32=0%, Rehash=0, Collisions=0/0=0%
#  commands to execute (from `Makefile', line 49):
	@mkdir -p $(dir $@)
	@$(CC) $(CFLAGS) $(RL_CFLAGS) -c $< -o $@
	

obj/src/lexer/envirlists.o: src/lexer/envirlists.c include/minishell.h
#  Implicit rule search has been done.
#  Implicit/static pattern stem: `src/lexer/envirlists'
#  Last modified 2023-11-04 19:02:28
#  File has been updated.
#  Successfully updated.
# variable set hash-table stats:
# Load=0/32=0%, Rehash=0, Collisions=0/0=0%
#  commands to execute (from `Makefile', line 49):
	@mkdir -p $(dir $@)
	@$(CC) $(CFLAGS) $(RL_CFLAGS) -c $< -o $@
	

obj/src/parenthesis/parenthesis_utils2.o: src/parenthesis/parenthesis_utils2.c include/minishell.h
#  Implicit rule search has been done.
#  Implicit/static pattern stem: `src/parenthesis/parenthesis_utils2'
#  Last modified 2023-11-04 19:02:29
#  File has been updated.
#  Successfully updated.
# variable set hash-table stats:
# Load=0/32=0%, Rehash=0, Collisions=0/0=0%
#  commands to execute (from `Makefile', line 49):
	@mkdir -p $(dir $@)
	@$(CC) $(CFLAGS) $(RL_CFLAGS) -c $< -o $@
	

obj/src/minishell/program_loop.o: src/minishell/program_loop.c include/minishell.h
#  Implicit rule search has been done.
#  Implicit/static pattern stem: `src/minishell/program_loop'
#  Last modified 2023-11-04 19:02:29
#  File has been updated.
#  Successfully updated.
# variable set hash-table stats:
# Load=0/32=0%, Rehash=0, Collisions=0/0=0%
#  commands to execute (from `Makefile', line 49):
 
	@mkdir -p $(dir $@)
	@$(CC) $(CFLAGS) $(RL_CFLAGS) -c $< -o $@
	

valgrind: minishell
#  Implicit rule search has not been done.
#  Modification time never checked.
#  File has not been updated.
#  commands to execute (from `Makefile', line 77):
	$(VALGRIND) ./$(NAME)
	

obj/src/parenthesis/parenthesis_errors.o: src/parenthesis/parenthesis_errors.c include/minishell.h
#  Implicit rule search has been done.
#  Implicit/static pattern stem: `src/parenthesis/parenthesis_errors'
#  Last modified 2023-11-04 19:02:29
#  File has been updated.
#  Successfully updated.
# variable set hash-table stats:
# Load=0/32=0%, Rehash=0, Collisions=0/0=0%
#  commands to execute (from `Makefile', line 49):
	@mkdir -p $(dir $@)
	@$(CC) $(CFLAGS) $(RL_CFLAGS) -c $< -o $@
	

# Not a target:
obj/src/utils/init_data.o:
#  Implicit rule search has not been done.
#  Modification time never checked.
#  File has not been updated.

# Not a target:
obj/src/utils/utils2.o:
#  Implicit rule search has not been done.
#  Modification time never checked.
#  File has not been updated.

# files hash-table stats:
# Load=65/1024=6%, Rehash=0, Collisions=18/401=4%
# VPATH Search Paths

# No `vpath' search paths.

# General (`VPATH' variable) search path:
# src:include:src/execution:src/lexer:src/parenthesis:src/parsing:src/quotes:src/utils:include

# # of strings in strcache: 1
# # of strcache buffers: 1
# strcache size: total = 4096 / max = 4096 / min = 4096 / avg = 4096
# strcache free: total = 4087 / max = 4087 / min = 4087 / avg = 4087

# Finished Make data base on Sat Nov  4 19:04:14 2023

 
